<?xml version="1.0" encoding="UTF-8"?>
<!-- Generated by org.testng.reporters.JUnitReportReporter -->
<testsuite skipped="0" hostname="DESKTOP-QDCEU9J" name="com.Testng.Simple_Annotation" tests="4" failures="0" timestamp="2021-11-20T14:41:56 IST" time="0.019" errors="0">
  <testcase name="women" time="0.003" classname="com.Testng.Simple_Annotation"/>
  <system-out/>
  <testcase name="mens_wear" time="0.002" classname="com.Testng.Simple_Annotation"/>
  <system-out/>
  <testcase name="childrens" time="0.010" classname="com.Testng.Simple_Annotation"/>
  <system-out/>
  <testcase name="t_shirts" time="0.004" classname="com.Testng.Simple_Annotation"/>
  <system-out/>
</testsuite> <!-- com.Testng.Simple_Annotation -->
