<?xml version="1.0" encoding="UTF-8"?>
<!-- Generated by org.testng.reporters.JUnitReportReporter -->
<testsuite skipped="0" hostname="DESKTOP-QDCEU9J" name="com.Testng.Parameterized_test2" tests="1" failures="0" timestamp="2021-11-24T12:07:03 IST" time="0.002" errors="0">
  <testcase name="credentials" time="0.002" classname="com.Testng.Parameterized_test2"/>
  <system-out/>
</testsuite> <!-- com.Testng.Parameterized_test2 -->
