<?xml version="1.0" encoding="UTF-8"?>
<!-- Generated by org.testng.reporters.JUnitReportReporter -->
<testsuite skipped="0" hostname="DESKTOP-QDCEU9J" name="com.Oct_30_Mini_Project.Testng_Runner" tests="6" failures="0" timestamp="2021-11-25T14:39:34 IST" time="24.890" errors="0">
  <testcase name="cartut" time="1.323" classname="com.Oct_30_Mini_Project.Testng_Runner"/>
  <system-out/>
  <testcase name="pay" time="0.782" classname="com.Oct_30_Mini_Project.Testng_Runner"/>
  <system-out/>
  <testcase name="logtn" time="2.682" classname="com.Oct_30_Mini_Project.Testng_Runner"/>
  <system-out/>
  <testcase name="dress_select" time="10.512" classname="com.Oct_30_Mini_Project.Testng_Runner"/>
  <system-out/>
  <testcase name="browser_launch" time="9.554" classname="com.Oct_30_Mini_Project.Testng_Runner"/>
  <system-out/>
  <testcase name="gohome_page" time="0.037" classname="com.Oct_30_Mini_Project.Testng_Runner"/>
  <system-out/>
</testsuite> <!-- com.Oct_30_Mini_Project.Testng_Runner -->
